<?xml version="1.0" encoding="UTF-8"?>
<!-- Generated by org.testng.reporters.JUnitXMLReporter -->
<testsuite ignored="0" hostname="DESKTOP-O7L2KAB" failures="1" tests="3" name="Test" time="31.37" errors="0" timestamp="2023-02-05T08:39:36 IST">
  <testcase classname="test.LoginTest" name="login" time="1.913"/>
  <testcase classname="test.LoginTest" name="login" time="11.418"/>
  <testcase classname="test.RegistrationTest" name="register" time="5.374">
    <failure type="java.lang.AssertionError" message="expected [Your Account Has Been Created!] but found [Register Account]">
      <![CDATA[java.lang.AssertionError: expected [Your Account Has Been Created!] but found [Register Account]
at test.RegistrationTest.register(RegistrationTest.java:75)
at java.base/java.util.ArrayList.forEach(ArrayList.java:1511)
at java.base/java.util.concurrent.FutureTask.run(FutureTask.java:264)
at java.base/java.util.concurrent.ThreadPoolExecutor.runWorker(ThreadPoolExecutor.java:1136)
at java.base/java.util.concurrent.ThreadPoolExecutor$Worker.run(ThreadPoolExecutor.java:635)
at java.base/java.lang.Thread.run(Thread.java:833)
... Removed 24 stack frames]]>
    </failure>
  </testcase> <!-- register -->
</testsuite> <!-- Test -->
