<?xml version="1.0" encoding="UTF-8"?>
<!-- Generated by org.testng.reporters.JUnitXMLReporter -->
<testsuite ignored="0" hostname="DESKTOP-O7L2KAB" failures="1" tests="1" name="Test(failed)" time="11.202" errors="0" timestamp="2023-02-04T17:26:53 IST">
  <testcase classname="test.RegistrationTest" name="register" time="5.443">
    <failure type="java.lang.AssertionError" message="expected [Your Account Has Been Created!] but found [Register Account]">
      <![CDATA[java.lang.AssertionError: expected [Your Account Has Been Created!] but found [Register Account]
at test.RegistrationTest.register(RegistrationTest.java:75)
at java.base/java.util.ArrayList.forEach(ArrayList.java:1511)
... Removed 33 stack frames]]>
    </failure>
  </testcase> <!-- register -->
</testsuite> <!-- Test(failed) -->
