<?xml version="1.0" encoding="UTF-8"?>
<testsuite xmlns:xsi="http://www.w3.org/2001/XMLSchema-instance" xsi:noNamespaceSchemaLocation="https://maven.apache.org/surefire/maven-surefire-plugin/xsd/surefire-test-report-3.0.xsd" version="3.0" name="TestSuite" time="27.551" tests="3" errors="0" skipped="0" failures="1">
  <properties>
[...]
</properties>
  <testcase name="login[gokulkarthickmech1994@gmail.com, gokul@123, Success](1)" classname="test.LoginTest" time="2.71">
    <system-err><![CDATA[SLF4J: Failed to load class "org.slf4j.impl.StaticLoggerBinder".
SLF4J: Defaulting to no-operation (NOP) logger implementation
SLF4J: See http://www.slf4j.org/codes.html#StaticLoggerBinder for further details.
Starting ChromeDriver 109.0.5414.74 (e7c5703604daa9cc128ccf5a5d3e993513758913-refs/branch-heads/5414@{#1172}) on port 8297
Only local connections are alloSwtedar.ti
Pnlgea seC hsreoem eDhrttipsve:/r/c hr1o0me9dr.iv0e.r.5c4hr1o4mi.u7m4. or(ge/7scec5u7r0i3t6y0-4cdoana9scicd1e2r8cactfi5oan5sd 3feo9r 9s3u5g1g3e7s5t8i9o1n3s- roenf sk/eberpainncgh -Chheraodmse/D5r41i4v@e{r#1 s1a72f}e). o
n port 24166
Only local connections are allowed.
Please see https://chromedriver.chromium.org/security-considerations for suggestions on keeping ChromeDriver safe.
ChromeDriver was started successfully.
ChromeDriver was started successfully.
Feb 06, 2023 2:10:03 PM org.openqa.selenium.remote.ProtocolHandshake createSession
INFO: Detected dialect: W3C
Feb 06, 2023 2:10:03 PM org.openqa.selenium.remote.ProtocolHandshake createSession
INFO: Detected dialect: W3C
]]></system-err>
  </testcase>
  <testcase name="login[arun.selenium@gmail.com, arun@12334, Failure](2)" classname="test.LoginTest" time="8.303"/>
  <testcase name="register" classname="test.RegistrationTest" time="1.3">
    <failure message="expected [Your Account Has Been Created!] but found [Register Account]" type="java.lang.AssertionError"><![CDATA[java.lang.AssertionError: expected [Your Account Has Been Created!] but found [Register Account]
	at test.RegistrationTest.register(RegistrationTest.java:75)
]]></failure>
    <system-err><![CDATA[Starting ChromeDriver 109.0.5414.74 (e7c5703604daa9cc128ccf5a5d3e993513758913-refs/branch-heads/5414@{#1172}) on port 12377
Only local connections are allowed.
Please see https://chromedriver.chromium.org/security-considerations for suggestions on keeping ChromeDriver safe.
ChromeDriver was started successfully.
Feb 06, 2023 2:10:14 PM org.openqa.selenium.remote.ProtocolHandshake createSession
INFO: Detected dialect: W3C
]]></system-err>
  </testcase>
</testsuite>